<?xml version="1.0" encoding="UTF-8"?>
<!-- Generated by org.testng.reporters.JUnitXMLReporter -->
<testsuite hostname="ATMECSINLT-429" name="SampleTest" tests="1" failures="0" timestamp="20 Mar 2020 06:43:50 GMT" time="27.127" errors="0">
  <testcase name="@BeforeMethod LunchIndigosite" time="0.0" classname="com.ui.automation.testscript.TestGmail">
    <failure type="org.openqa.selenium.WebDriverException" message="Unknown error (WARNING: The server did not provide any stacktrace information)
Command duration or timeout: 16.17 seconds
Build info: version: &amp;apos;3.6.0&amp;apos;, revision: &amp;apos;6fbf3ec767&amp;apos;, time: &amp;apos;2017-09-27T15:28:36.4Z&amp;apos;
System info: host: &amp;apos;ATMECSINLT-429&amp;apos;, ip: &amp;apos;55.55.55.189&amp;apos;, os.name: &amp;apos;Windows 10&amp;apos;, os.arch: &amp;apos;amd64&amp;apos;, os.version: &amp;apos;10.0&amp;apos;, java.version: &amp;apos;1.8.0_191&amp;apos;
Driver info: driver.version: EdgeDriver">
      <![CDATA[org.openqa.selenium.WebDriverException: Unknown error (WARNING: The server did not provide any stacktrace information)
Command duration or timeout: 16.17 seconds
Build info: version: '3.6.0', revision: '6fbf3ec767', time: '2017-09-27T15:28:36.4Z'
System info: host: 'ATMECSINLT-429', ip: '55.55.55.189', os.name: 'Windows 10', os.arch: 'amd64', os.version: '10.0', java.version: '1.8.0_191'
Driver info: driver.version: EdgeDriver
	at org.openqa.selenium.remote.ErrorHandler.createThrowable(ErrorHandler.java:214)
	at org.openqa.selenium.remote.ErrorHandler.throwIfResponseFailed(ErrorHandler.java:166)
	at org.openqa.selenium.remote.JsonWireProtocolResponse.lambda$new$0(JsonWireProtocolResponse.java:53)
	at org.openqa.selenium.remote.JsonWireProtocolResponse.lambda$getResponseFunction$2(JsonWireProtocolResponse.java:91)
	at org.openqa.selenium.remote.ProtocolHandshake.lambda$createSession$24(ProtocolHandshake.java:359)
	at java.util.stream.ReferencePipeline$3$1.accept(ReferencePipeline.java:193)
	at java.util.Spliterators$ArraySpliterator.tryAdvance(Spliterators.java:958)
	at java.util.stream.ReferencePipeline.forEachWithCancel(ReferencePipeline.java:126)
	at java.util.stream.AbstractPipeline.copyIntoWithCancel(AbstractPipeline.java:498)
	at java.util.stream.AbstractPipeline.copyInto(AbstractPipeline.java:485)
	at java.util.stream.AbstractPipeline.wrapAndCopyInto(AbstractPipeline.java:471)
	at java.util.stream.FindOps$FindOp.evaluateSequential(FindOps.java:152)
	at java.util.stream.AbstractPipeline.evaluate(AbstractPipeline.java:234)
	at java.util.stream.ReferencePipeline.findFirst(ReferencePipeline.java:464)
	at org.openqa.selenium.remote.ProtocolHandshake.createSession(ProtocolHandshake.java:362)
	at org.openqa.selenium.remote.ProtocolHandshake.createSession(ProtocolHandshake.java:136)
	at org.openqa.selenium.remote.HttpCommandExecutor.execute(HttpCommandExecutor.java:142)
	at org.openqa.selenium.remote.service.DriverCommandExecutor.execute(DriverCommandExecutor.java:83)
	at org.openqa.selenium.remote.RemoteWebDriver.execute(RemoteWebDriver.java:586)
	at org.openqa.selenium.remote.RemoteWebDriver.startSession(RemoteWebDriver.java:217)
	at org.openqa.selenium.remote.RemoteWebDriver.<init>(RemoteWebDriver.java:140)
	at org.openqa.selenium.edge.EdgeDriver.<init>(EdgeDriver.java:150)
	at org.openqa.selenium.edge.EdgeDriver.<init>(EdgeDriver.java:139)
	at org.openqa.selenium.edge.EdgeDriver.<init>(EdgeDriver.java:96)
	at com.atmecs.falcon.automation.ui.selenium.RunModeLocal.<init>(RunModeLocal.java:37)
	at com.atmecs.falcon.automation.ui.selenium.RunModeFactory.getRunMode(RunModeFactory.java:35)
	at com.atmecs.falcon.automation.ui.selenium.Browser.openURL(Browser.java:372)
	at com.ui.automation.helper.Gmailhelper.launchsite(Gmailhelper.java:39)
	at com.ui.automation.testscript.TestGmail.LunchIndigosite(TestGmail.java:49)
	at java.util.concurrent.ThreadPoolExecutor.runWorker(ThreadPoolExecutor.java:1149)
	at java.util.concurrent.ThreadPoolExecutor$Worker.run(ThreadPoolExecutor.java:624)
	at java.lang.Thread.run(Thread.java:748)
... Removed 24 stack frames]]>
    </failure>
  </testcase> <!-- @BeforeMethod LunchIndigosite -->
  <testcase name="@AfterMethod teardown" time="0.0" classname="com.ui.automation.testscript.TestGmail">
    <skipped/>
  </testcase> <!-- @AfterMethod teardown -->
  <testcase name="LogintoGmail" time="0.0" classname="com.ui.automation.testscript.TestGmail">
    <skipped/>
  </testcase> <!-- LogintoGmail -->
</testsuite> <!-- SampleTest -->
