<?xml version="1.0" encoding="UTF-8"?>
<testng-results skipped="0" failed="0" total="0" passed="0">
  <reporter-output>
  </reporter-output>
  <suite name="com.FalconUI.Maven.falcontraining.AppTest" duration-ms="0" started-at="2020-03-26T14:51:19Z" finished-at="2020-03-26T14:51:19Z">
    <groups>
    </groups>
    <test name="Command line test" duration-ms="0" started-at="2020-03-26T14:51:19Z" finished-at="2020-03-26T14:51:19Z">
    </test> <!-- Command line test -->
  </suite> <!-- com.FalconUI.Maven.falcontraining.AppTest -->
</testng-results>
