<?xml version="1.0" encoding="UTF-8"?>
<testng-results skipped="2" failed="1" total="3" passed="0">
  <reporter-output>
    <line>
      <![CDATA[INFO: The value found with Environment variable Falcon is: Falcon]]>
    </line>
    <line>
      <![CDATA[INFO: The value found with Environment Module variable Eccomerce is: Eccomerce]]>
    </line>
    <line>
      <![CDATA[The value found with Environment variable WIN_10_CHROME_77 is: WIN_10_CHROME_77]]>
    </line>
    <line>
      <![CDATA[INFO: Clients Found: [Falcon]
]]>
    </line>
    <line>
      <![CDATA[INFO: Modules Selected: [Eccomerce]
]]>
    </line>
    <line>
      <![CDATA[INFO: New Suite Created with name: Falcon-Sample-WIN_10_CHROME_77]]>
    </line>
    <line>
      <![CDATA[<?xml version="1.0" encoding="UTF-8"?>
<!DOCTYPE suite SYSTEM "http://testng.org/testng-1.0.dtd">
<suite name="Falcon-Sample-WIN_10_CHROME_77">
  <parameter name="os" value="WIN"/>
  <parameter name="osVersion" value="10"/>
  <parameter name="browser" value="CHROME"/>
  <parameter name="browserVersion" value="77"/>
  <test name="SampleTest">
    <classes>
      <class name="com.ui.automation.testscript.TestSearchingforProduct"/>
      <class name="com.ui.automation.testscript.TestHotSauces"/>
    </classes>
  </test> <!-- SampleTest -->
</suite> <!-- Falcon-Sample-WIN_10_CHROME_77 -->
]]>
    </line>
    <line>
      <![CDATA[launching the portal homepage]]>
    </line>
    <line>
      <![CDATA[Opening browser: CHROME]]>
    </line>
    <line>
      <![CDATA[Maximizing browser window]]>
    </line>
    <line>
      <![CDATA[Log into website ]]>
    </line>
    <line>
      <![CDATA[Log into website ]]>
    </line>
    <line>
      <![CDATA[click on login button ]]>
    </line>
    <line>
      <![CDATA[enter the username]]>
    </line>
    <line>
      <![CDATA[enter the emailid]]>
    </line>
    <line>
      <![CDATA[enter the password]]>
    </line>
    <line>
      <![CDATA[enter the password]]>
    </line>
    <line>
      <![CDATA[Click on LoginButton]]>
    </line>
    <line>
      <![CDATA[Select the country name]]>
    </line>
    <line>
      <![CDATA[Unexpected exception occur: no such window: target window already closed
from unknown error: web view not found
  (Session info: chrome=81.0.4044.122)
Build info: version: '3.6.0', revision: '6fbf3ec767', time: '2017-09-27T15:28:36.4Z'
System info: host: 'ATMECSINLT-429', ip: '192.168.43.117', os.name: 'Windows 10', os.arch: 'amd64', os.version: '10.0', java.version: '1.8.0_191'
Driver info: org.openqa.selenium.chrome.ChromeDriver
Capabilities [{networkConnectionEnabled=false, chrome={chromedriverVersion=80.0.3987.106 (f68069574609230cf9b635cd784cfb1bf81bb53a-refs/branch-heads/3987@{#882}), userDataDir=C:\Users\VENKAT~1.MUP\AppData\Local\Temp\scoped_dir5980_718218267}, timeouts={implicit=0, pageLoad=300000, script=30000}, pageLoadStrategy=normal, unhandledPromptBehavior=dismiss and notify, strictFileInteractability=false, platform=WINDOWS, proxy=Proxy(), goog:chromeOptions={debuggerAddress=localhost:52044}, acceptInsecureCerts=false, browserVersion=81.0.4044.122, browserName=chrome, javascriptEnabled=true, platformName=WINDOWS, setWindowRect=true}]
Session ID: 806dae99c9076c4f884578ea7a1f48ae]]>
    </line>
    <line>
      <![CDATA[Unexpected exception occur: no such window: target window already closed
from unknown error: web view not found
  (Session info: chrome=81.0.4044.122)
Build info: version: '3.6.0', revision: '6fbf3ec767', time: '2017-09-27T15:28:36.4Z'
System info: host: 'ATMECSINLT-429', ip: '192.168.43.117', os.name: 'Windows 10', os.arch: 'amd64', os.version: '10.0', java.version: '1.8.0_191'
Driver info: org.openqa.selenium.chrome.ChromeDriver
Capabilities [{networkConnectionEnabled=false, chrome={chromedriverVersion=80.0.3987.106 (f68069574609230cf9b635cd784cfb1bf81bb53a-refs/branch-heads/3987@{#882}), userDataDir=C:\Users\VENKAT~1.MUP\AppData\Local\Temp\scoped_dir5980_718218267}, timeouts={implicit=0, pageLoad=300000, script=30000}, pageLoadStrategy=normal, unhandledPromptBehavior=dismiss and notify, strictFileInteractability=false, platform=WINDOWS, proxy=Proxy(), goog:chromeOptions={debuggerAddress=localhost:52044}, acceptInsecureCerts=false, browserVersion=81.0.4044.122, browserName=chrome, javascriptEnabled=true, platformName=WINDOWS, setWindowRect=true}]
Session ID: 806dae99c9076c4f884578ea7a1f48ae]]>
    </line>
    <line>
      <![CDATA[launching the portal homepage]]>
    </line>
    <line>
      <![CDATA[Opening browser: CHROME]]>
    </line>
    <line>
      <![CDATA[launching the portal homepage]]>
    </line>
    <line>
      <![CDATA[Opening browser: CHROME]]>
    </line>
  </reporter-output>
  <suite name="Falcon-Sample-WIN_10_CHROME_77" duration-ms="45257" started-at="2020-04-27T15:53:47Z" finished-at="2020-04-27T15:54:32Z">
    <groups>
    </groups>
    <test name="SampleTest" duration-ms="45257" started-at="2020-04-27T15:53:47Z" finished-at="2020-04-27T15:54:32Z">
      <class name="com.ui.automation.testscript.TestSearchingforProduct">
        <test-method status="PASS" signature="preSetup()[pri:0, instance:com.ui.automation.testscript.TestSearchingforProduct@1f7e1765]" name="preSetup" is-config="true" duration-ms="29" started-at="2020-04-27T21:23:47Z" finished-at="2020-04-27T21:23:47Z">
          <reporter-output>
          </reporter-output>
        </test-method> <!-- preSetup -->
        <test-method status="PASS" signature="Lunchsite(java.lang.String, java.lang.String, java.lang.String, java.lang.String)[pri:0, instance:com.ui.automation.testscript.TestSearchingforProduct@1f7e1765]" name="Lunchsite" is-config="true" duration-ms="26263" started-at="2020-04-27T21:23:47Z" finished-at="2020-04-27T21:24:14Z">
          <params>
            <param index="0">
              <value>
                <![CDATA[WIN]]>
              </value>
            </param>
            <param index="1">
              <value>
                <![CDATA[10]]>
              </value>
            </param>
            <param index="2">
              <value>
                <![CDATA[CHROME]]>
              </value>
            </param>
            <param index="3">
              <value>
                <![CDATA[77]]>
              </value>
            </param>
          </params>
          <reporter-output>
            <line>
              <![CDATA[launching the portal homepage]]>
            </line>
            <line>
              <![CDATA[Opening browser: CHROME]]>
            </line>
            <line>
              <![CDATA[Maximizing browser window]]>
            </line>
          </reporter-output>
        </test-method> <!-- Lunchsite -->
        <test-method status="FAIL" signature="Logintowebsite(java.lang.String, java.lang.String, java.lang.String)[pri:1, instance:com.ui.automation.testscript.TestSearchingforProduct@1f7e1765]" name="Logintowebsite" duration-ms="10580" started-at="2020-04-27T21:24:14Z" data-provider="testdata" finished-at="2020-04-27T21:24:24Z">
          <params>
            <param index="0">
              <value>
                <![CDATA[venkatklu1993@gmail.com]]>
              </value>
            </param>
            <param index="1">
              <value>
                <![CDATA[Venkat@123]]>
              </value>
            </param>
            <param index="2">
              <value>
                <![CDATA[English (UK)]]>
              </value>
            </param>
          </params>
          <exception class="java.lang.NullPointerException">
            <full-stacktrace>
              <![CDATA[java.lang.NullPointerException
	at com.ui.automation.pages.HomePage.selectcountry(HomePage.java:48)
	at com.ui.automation.testscript.TestSearchingforProduct.Logintowebsite(TestSearchingforProduct.java:89)
	at sun.reflect.NativeMethodAccessorImpl.invoke0(Native Method)
	at sun.reflect.NativeMethodAccessorImpl.invoke(NativeMethodAccessorImpl.java:62)
	at sun.reflect.DelegatingMethodAccessorImpl.invoke(DelegatingMethodAccessorImpl.java:43)
	at java.lang.reflect.Method.invoke(Method.java:498)
	at org.testng.internal.MethodInvocationHelper.invokeMethod(MethodInvocationHelper.java:85)
	at org.testng.internal.Invoker.invokeMethod(Invoker.java:639)
	at org.testng.internal.Invoker.invokeTestMethod(Invoker.java:816)
	at org.testng.internal.Invoker.invokeTestMethods(Invoker.java:1124)
	at org.testng.internal.TestMethodWorker.invokeTestMethods(TestMethodWorker.java:125)
	at org.testng.internal.TestMethodWorker.run(TestMethodWorker.java:108)
	at org.testng.TestRunner.privateRun(TestRunner.java:774)
	at org.testng.TestRunner.run(TestRunner.java:624)
	at org.testng.SuiteRunner.runTest(SuiteRunner.java:359)
	at org.testng.SuiteRunner.runSequentially(SuiteRunner.java:354)
	at org.testng.SuiteRunner.privateRun(SuiteRunner.java:312)
	at org.testng.SuiteRunner.run(SuiteRunner.java:261)
	at org.testng.SuiteRunnerWorker.runSuite(SuiteRunnerWorker.java:52)
	at org.testng.SuiteRunnerWorker.run(SuiteRunnerWorker.java:86)
	at org.testng.TestNG.runSuitesSequentially(TestNG.java:1215)
	at org.testng.TestNG.runSuitesLocally(TestNG.java:1140)
	at org.testng.TestNG.run(TestNG.java:1048)
	at com.ui.automation.runner.TestNGRunner.main(TestNGRunner.java:58)
	at sun.reflect.NativeMethodAccessorImpl.invoke0(Native Method)
	at sun.reflect.NativeMethodAccessorImpl.invoke(NativeMethodAccessorImpl.java:62)
	at sun.reflect.DelegatingMethodAccessorImpl.invoke(DelegatingMethodAccessorImpl.java:43)
	at java.lang.reflect.Method.invoke(Method.java:498)
	at org.codehaus.mojo.exec.ExecJavaMojo$1.run(ExecJavaMojo.java:294)
	at java.lang.Thread.run(Thread.java:748)
]]>
            </full-stacktrace>
          </exception> <!-- java.lang.NullPointerException -->
          <reporter-output>
            <line>
              <![CDATA[Log into website ]]>
            </line>
            <line>
              <![CDATA[Log into website ]]>
            </line>
            <line>
              <![CDATA[click on login button ]]>
            </line>
            <line>
              <![CDATA[enter the username]]>
            </line>
            <line>
              <![CDATA[enter the emailid]]>
            </line>
            <line>
              <![CDATA[enter the password]]>
            </line>
            <line>
              <![CDATA[enter the password]]>
            </line>
            <line>
              <![CDATA[Click on LoginButton]]>
            </line>
            <line>
              <![CDATA[Select the country name]]>
            </line>
            <line>
              <![CDATA[Unexpected exception occur: no such window: target window already closed
from unknown error: web view not found
  (Session info: chrome=81.0.4044.122)
Build info: version: '3.6.0', revision: '6fbf3ec767', time: '2017-09-27T15:28:36.4Z'
System info: host: 'ATMECSINLT-429', ip: '192.168.43.117', os.name: 'Windows 10', os.arch: 'amd64', os.version: '10.0', java.version: '1.8.0_191'
Driver info: org.openqa.selenium.chrome.ChromeDriver
Capabilities [{networkConnectionEnabled=false, chrome={chromedriverVersion=80.0.3987.106 (f68069574609230cf9b635cd784cfb1bf81bb53a-refs/branch-heads/3987@{#882}), userDataDir=C:\Users\VENKAT~1.MUP\AppData\Local\Temp\scoped_dir5980_718218267}, timeouts={implicit=0, pageLoad=300000, script=30000}, pageLoadStrategy=normal, unhandledPromptBehavior=dismiss and notify, strictFileInteractability=false, platform=WINDOWS, proxy=Proxy(), goog:chromeOptions={debuggerAddress=localhost:52044}, acceptInsecureCerts=false, browserVersion=81.0.4044.122, browserName=chrome, javascriptEnabled=true, platformName=WINDOWS, setWindowRect=true}]
Session ID: 806dae99c9076c4f884578ea7a1f48ae]]>
            </line>
            <line>
              <![CDATA[Unexpected exception occur: no such window: target window already closed
from unknown error: web view not found
  (Session info: chrome=81.0.4044.122)
Build info: version: '3.6.0', revision: '6fbf3ec767', time: '2017-09-27T15:28:36.4Z'
System info: host: 'ATMECSINLT-429', ip: '192.168.43.117', os.name: 'Windows 10', os.arch: 'amd64', os.version: '10.0', java.version: '1.8.0_191'
Driver info: org.openqa.selenium.chrome.ChromeDriver
Capabilities [{networkConnectionEnabled=false, chrome={chromedriverVersion=80.0.3987.106 (f68069574609230cf9b635cd784cfb1bf81bb53a-refs/branch-heads/3987@{#882}), userDataDir=C:\Users\VENKAT~1.MUP\AppData\Local\Temp\scoped_dir5980_718218267}, timeouts={implicit=0, pageLoad=300000, script=30000}, pageLoadStrategy=normal, unhandledPromptBehavior=dismiss and notify, strictFileInteractability=false, platform=WINDOWS, proxy=Proxy(), goog:chromeOptions={debuggerAddress=localhost:52044}, acceptInsecureCerts=false, browserVersion=81.0.4044.122, browserName=chrome, javascriptEnabled=true, platformName=WINDOWS, setWindowRect=true}]
Session ID: 806dae99c9076c4f884578ea7a1f48ae]]>
            </line>
          </reporter-output>
        </test-method> <!-- Logintowebsite -->
        <test-method status="FAIL" signature="Lunchsite(java.lang.String, java.lang.String, java.lang.String, java.lang.String)[pri:0, instance:com.ui.automation.testscript.TestSearchingforProduct@1f7e1765]" name="Lunchsite" is-config="true" duration-ms="0" started-at="2020-04-27T21:24:24Z" finished-at="2020-04-27T21:24:24Z">
          <params>
            <param index="0">
              <value>
                <![CDATA[WIN]]>
              </value>
            </param>
            <param index="1">
              <value>
                <![CDATA[10]]>
              </value>
            </param>
            <param index="2">
              <value>
                <![CDATA[CHROME]]>
              </value>
            </param>
            <param index="3">
              <value>
                <![CDATA[77]]>
              </value>
            </param>
          </params>
          <exception class="org.openqa.selenium.SessionNotCreatedException">
            <message>
              <![CDATA[session not created
from disconnected: received Inspector.detached event
  (Session info: chrome=81.0.4044.122)
Build info: version: '3.6.0', revision: '6fbf3ec767', time: '2017-09-27T15:28:36.4Z'
System info: host: 'ATMECSINLT-429', ip: '192.168.43.117', os.name: 'Windows 10', os.arch: 'amd64', os.version: '10.0', java.version: '1.8.0_191'
Driver info: driver.version: ChromeDriver
remote stacktrace: Backtrace:
	Ordinal0 [0x00E50C83+1707139]
	Ordinal0 [0x00DB68F1+1075441]
	Ordinal0 [0x00D2DFC9+516041]
	Ordinal0 [0x00D2687B+485499]
	Ordinal0 [0x00D26499+484505]
	Ordinal0 [0x00D25D96+482710]
	Ordinal0 [0x00D253AC+480172]
	Ordinal0 [0x00D255D5+480725]
	Ordinal0 [0x00D25035+479285]
	Ordinal0 [0x00D2CD25+511269]
	Ordinal0 [0x00D24FE8+479208]
	Ordinal0 [0x00D25A3B+481851]
	Ordinal0 [0x00D253AC+480172]
	Ordinal0 [0x00D255D5+480725]
	Ordinal0 [0x00D25035+479285]
	Ordinal0 [0x00D2B5AE+505262]
	Ordinal0 [0x00D24FE8+479208]
	Ordinal0 [0x00D25A3B+481851]
	Ordinal0 [0x00D253AC+480172]
	Ordinal0 [0x00D255D5+480725]
	Ordinal0 [0x00D25035+479285]
	Ordinal0 [0x00D29E1C+499228]
	Ordinal0 [0x00D24FE8+479208]
	Ordinal0 [0x00D25A3B+481851]
	Ordinal0 [0x00D253AC+480172]
	Ordinal0 [0x00D255D5+480725]
	Ordinal0 [0x00D25035+479285]
	Ordinal0 [0x00D294B7+496823]
	Ordinal0 [0x00D24FE8+479208]
	Ordinal0 [0x00D25A3B+481851]
	Ordinal0 [0x00D253AC+480172]
	Ordinal0 [0x00D255D5+480725]
	Ordinal0 [0x00D25035+479285]
	Ordinal0 [0x00D21B5C+465756]
	Ordinal0 [0x00D24FE8+479208]
	Ordinal0 [0x00D24EC4+478916]
	Ordinal0 [0x00D2ECA0+519328]
	Ordinal0 [0x00CDCA67+182887]
	Ordinal0 [0x00CDBDDD+179677]
	Ordinal0 [0x00CD9D4B+171339]
	Ordinal0 [0x00CC1D4A+73034]
	Ordinal0 [0x00CC2DC0+77248]
	Ordinal0 [0x00CC2D59+77145]
	Ordinal0 [0x00DCBB67+1162087]
	GetHandleVerifier [0x00EEA966+508998]
	GetHandleVerifier [0x00EEA6A4+508292]
	GetHandleVerifier [0x00EFF7B7+594583]
	GetHandleVerifier [0x00EEB1D6+511158]
	Ordinal0 [0x00DC402C+1130540]
	Ordinal0 [0x00DCD4CB+1168587]
	Ordinal0 [0x00DCD633+1168947]
	Ordinal0 [0x00DE5B35+1268533]
	BaseThreadInitThunk [0x74AE8484+36]
	RtlValidSecurityDescriptor [0x77D6302C+284]
	RtlValidSecurityDescriptor [0x77D62FFA+234]
]]>
            </message>
            <full-stacktrace>
              <![CDATA[org.openqa.selenium.SessionNotCreatedException: session not created
from disconnected: received Inspector.detached event
  (Session info: chrome=81.0.4044.122)
Build info: version: '3.6.0', revision: '6fbf3ec767', time: '2017-09-27T15:28:36.4Z'
System info: host: 'ATMECSINLT-429', ip: '192.168.43.117', os.name: 'Windows 10', os.arch: 'amd64', os.version: '10.0', java.version: '1.8.0_191'
Driver info: driver.version: ChromeDriver
remote stacktrace: Backtrace:
	Ordinal0 [0x00E50C83+1707139]
	Ordinal0 [0x00DB68F1+1075441]
	Ordinal0 [0x00D2DFC9+516041]
	Ordinal0 [0x00D2687B+485499]
	Ordinal0 [0x00D26499+484505]
	Ordinal0 [0x00D25D96+482710]
	Ordinal0 [0x00D253AC+480172]
	Ordinal0 [0x00D255D5+480725]
	Ordinal0 [0x00D25035+479285]
	Ordinal0 [0x00D2CD25+511269]
	Ordinal0 [0x00D24FE8+479208]
	Ordinal0 [0x00D25A3B+481851]
	Ordinal0 [0x00D253AC+480172]
	Ordinal0 [0x00D255D5+480725]
	Ordinal0 [0x00D25035+479285]
	Ordinal0 [0x00D2B5AE+505262]
	Ordinal0 [0x00D24FE8+479208]
	Ordinal0 [0x00D25A3B+481851]
	Ordinal0 [0x00D253AC+480172]
	Ordinal0 [0x00D255D5+480725]
	Ordinal0 [0x00D25035+479285]
	Ordinal0 [0x00D29E1C+499228]
	Ordinal0 [0x00D24FE8+479208]
	Ordinal0 [0x00D25A3B+481851]
	Ordinal0 [0x00D253AC+480172]
	Ordinal0 [0x00D255D5+480725]
	Ordinal0 [0x00D25035+479285]
	Ordinal0 [0x00D294B7+496823]
	Ordinal0 [0x00D24FE8+479208]
	Ordinal0 [0x00D25A3B+481851]
	Ordinal0 [0x00D253AC+480172]
	Ordinal0 [0x00D255D5+480725]
	Ordinal0 [0x00D25035+479285]
	Ordinal0 [0x00D21B5C+465756]
	Ordinal0 [0x00D24FE8+479208]
	Ordinal0 [0x00D24EC4+478916]
	Ordinal0 [0x00D2ECA0+519328]
	Ordinal0 [0x00CDCA67+182887]
	Ordinal0 [0x00CDBDDD+179677]
	Ordinal0 [0x00CD9D4B+171339]
	Ordinal0 [0x00CC1D4A+73034]
	Ordinal0 [0x00CC2DC0+77248]
	Ordinal0 [0x00CC2D59+77145]
	Ordinal0 [0x00DCBB67+1162087]
	GetHandleVerifier [0x00EEA966+508998]
	GetHandleVerifier [0x00EEA6A4+508292]
	GetHandleVerifier [0x00EFF7B7+594583]
	GetHandleVerifier [0x00EEB1D6+511158]
	Ordinal0 [0x00DC402C+1130540]
	Ordinal0 [0x00DCD4CB+1168587]
	Ordinal0 [0x00DCD633+1168947]
	Ordinal0 [0x00DE5B35+1268533]
	BaseThreadInitThunk [0x74AE8484+36]
	RtlValidSecurityDescriptor [0x77D6302C+284]
	RtlValidSecurityDescriptor [0x77D62FFA+234]

	at sun.reflect.NativeConstructorAccessorImpl.newInstance0(Native Method)
	at sun.reflect.NativeConstructorAccessorImpl.newInstance(NativeConstructorAccessorImpl.java:62)
	at sun.reflect.DelegatingConstructorAccessorImpl.newInstance(DelegatingConstructorAccessorImpl.java:45)
	at java.lang.reflect.Constructor.newInstance(Constructor.java:423)
	at org.openqa.selenium.remote.W3CHandshakeResponse.lambda$new$0(W3CHandshakeResponse.java:57)
	at org.openqa.selenium.remote.W3CHandshakeResponse.lambda$getResponseFunction$2(W3CHandshakeResponse.java:104)
	at org.openqa.selenium.remote.ProtocolHandshake.lambda$createSession$24(ProtocolHandshake.java:359)
	at java.util.stream.ReferencePipeline$3$1.accept(ReferencePipeline.java:193)
	at java.util.Spliterators$ArraySpliterator.tryAdvance(Spliterators.java:958)
	at java.util.stream.ReferencePipeline.forEachWithCancel(ReferencePipeline.java:126)
	at java.util.stream.AbstractPipeline.copyIntoWithCancel(AbstractPipeline.java:498)
	at java.util.stream.AbstractPipeline.copyInto(AbstractPipeline.java:485)
	at java.util.stream.AbstractPipeline.wrapAndCopyInto(AbstractPipeline.java:471)
	at java.util.stream.FindOps$FindOp.evaluateSequential(FindOps.java:152)
	at java.util.stream.AbstractPipeline.evaluate(AbstractPipeline.java:234)
	at java.util.stream.ReferencePipeline.findFirst(ReferencePipeline.java:464)
	at org.openqa.selenium.remote.ProtocolHandshake.createSession(ProtocolHandshake.java:362)
	at org.openqa.selenium.remote.ProtocolHandshake.createSession(ProtocolHandshake.java:136)
	at org.openqa.selenium.remote.HttpCommandExecutor.execute(HttpCommandExecutor.java:142)
	at org.openqa.selenium.remote.service.DriverCommandExecutor.execute(DriverCommandExecutor.java:83)
	at org.openqa.selenium.remote.RemoteWebDriver.execute(RemoteWebDriver.java:586)
	at org.openqa.selenium.remote.RemoteWebDriver.startSession(RemoteWebDriver.java:217)
	at org.openqa.selenium.remote.RemoteWebDriver.<init>(RemoteWebDriver.java:140)
	at org.openqa.selenium.chrome.ChromeDriver.<init>(ChromeDriver.java:181)
	at org.openqa.selenium.chrome.ChromeDriver.<init>(ChromeDriver.java:168)
	at org.openqa.selenium.chrome.ChromeDriver.<init>(ChromeDriver.java:123)
	at com.atmecs.falcon.automation.ui.selenium.RunModeLocal.setChromeDriver(RunModeLocal.java:168)
	at com.atmecs.falcon.automation.ui.selenium.RunModeLocal.<init>(RunModeLocal.java:46)
	at com.atmecs.falcon.automation.ui.selenium.RunModeFactory.getRunMode(RunModeFactory.java:35)
	at com.atmecs.falcon.automation.ui.selenium.Browser.openURL(Browser.java:372)
	at com.ui.automation.helper.Ecommercshelper.launchsite(Ecommercshelper.java:46)
	at com.ui.automation.testscript.TestSearchingforProduct.Lunchsite(TestSearchingforProduct.java:61)
	at sun.reflect.NativeMethodAccessorImpl.invoke0(Native Method)
	at sun.reflect.NativeMethodAccessorImpl.invoke(NativeMethodAccessorImpl.java:62)
	at sun.reflect.DelegatingMethodAccessorImpl.invoke(DelegatingMethodAccessorImpl.java:43)
	at java.lang.reflect.Method.invoke(Method.java:498)
	at org.testng.internal.MethodInvocationHelper.invokeMethod(MethodInvocationHelper.java:85)
	at org.testng.internal.Invoker.invokeConfigurationMethod(Invoker.java:510)
	at org.testng.internal.Invoker.invokeConfigurations(Invoker.java:211)
	at org.testng.internal.Invoker.invokeMethod(Invoker.java:585)
	at org.testng.internal.Invoker.invokeTestMethod(Invoker.java:816)
	at org.testng.internal.Invoker.invokeTestMethods(Invoker.java:1124)
	at org.testng.internal.TestMethodWorker.invokeTestMethods(TestMethodWorker.java:125)
	at org.testng.internal.TestMethodWorker.run(TestMethodWorker.java:108)
	at org.testng.TestRunner.privateRun(TestRunner.java:774)
	at org.testng.TestRunner.run(TestRunner.java:624)
	at org.testng.SuiteRunner.runTest(SuiteRunner.java:359)
	at org.testng.SuiteRunner.runSequentially(SuiteRunner.java:354)
	at org.testng.SuiteRunner.privateRun(SuiteRunner.java:312)
	at org.testng.SuiteRunner.run(SuiteRunner.java:261)
	at org.testng.SuiteRunnerWorker.runSuite(SuiteRunnerWorker.java:52)
	at org.testng.SuiteRunnerWorker.run(SuiteRunnerWorker.java:86)
	at org.testng.TestNG.runSuitesSequentially(TestNG.java:1215)
	at org.testng.TestNG.runSuitesLocally(TestNG.java:1140)
	at org.testng.TestNG.run(TestNG.java:1048)
	at com.ui.automation.runner.TestNGRunner.main(TestNGRunner.java:58)
	at sun.reflect.NativeMethodAccessorImpl.invoke0(Native Method)
	at sun.reflect.NativeMethodAccessorImpl.invoke(NativeMethodAccessorImpl.java:62)
	at sun.reflect.DelegatingMethodAccessorImpl.invoke(DelegatingMethodAccessorImpl.java:43)
	at java.lang.reflect.Method.invoke(Method.java:498)
	at org.codehaus.mojo.exec.ExecJavaMojo$1.run(ExecJavaMojo.java:294)
	at java.lang.Thread.run(Thread.java:748)
]]>
            </full-stacktrace>
          </exception> <!-- org.openqa.selenium.SessionNotCreatedException -->
          <reporter-output>
            <line>
              <![CDATA[launching the portal homepage]]>
            </line>
            <line>
              <![CDATA[Opening browser: CHROME]]>
            </line>
          </reporter-output>
        </test-method> <!-- Lunchsite -->
        <test-method status="SKIP" signature="Searchfortheproduct(java.lang.String, java.lang.String, java.lang.String)[pri:2, instance:com.ui.automation.testscript.TestSearchingforProduct@1f7e1765]" name="Searchfortheproduct" duration-ms="0" started-at="2020-04-27T21:24:32Z" data-provider="testdata" finished-at="2020-04-27T21:24:32Z">
          <params>
            <param index="0">
              <value>
                <![CDATA[venkatklu1993@gmail.com]]>
              </value>
            </param>
            <param index="1">
              <value>
                <![CDATA[Venkat@123]]>
              </value>
            </param>
            <param index="2">
              <value>
                <![CDATA[English (UK)]]>
              </value>
            </param>
          </params>
          <reporter-output>
          </reporter-output>
        </test-method> <!-- Searchfortheproduct -->
        <test-method status="SKIP" signature="teardown()[pri:0, instance:com.ui.automation.testscript.TestSearchingforProduct@1f7e1765]" name="teardown" is-config="true" duration-ms="0" started-at="2020-04-27T21:24:32Z" finished-at="2020-04-27T21:24:32Z">
          <reporter-output>
          </reporter-output>
        </test-method> <!-- teardown -->
      </class> <!-- com.ui.automation.testscript.TestSearchingforProduct -->
      <class name="com.ui.automation.testscript.TestHotSauces">
        <test-method status="FAIL" signature="Lunchsite(java.lang.String, java.lang.String, java.lang.String, java.lang.String)[pri:0, instance:com.ui.automation.testscript.TestHotSauces@5c6d98b8]" name="Lunchsite" is-config="true" duration-ms="0" started-at="2020-04-27T21:24:32Z" finished-at="2020-04-27T21:24:32Z">
          <params>
            <param index="0">
              <value>
                <![CDATA[WIN]]>
              </value>
            </param>
            <param index="1">
              <value>
                <![CDATA[10]]>
              </value>
            </param>
            <param index="2">
              <value>
                <![CDATA[CHROME]]>
              </value>
            </param>
            <param index="3">
              <value>
                <![CDATA[77]]>
              </value>
            </param>
          </params>
          <exception class="java.lang.NullPointerException">
            <full-stacktrace>
              <![CDATA[java.lang.NullPointerException
	at com.ui.automation.helper.Ecommercshelper.launchsite(Ecommercshelper.java:46)
	at com.ui.automation.testscript.TestHotSauces.Lunchsite(TestHotSauces.java:80)
	at sun.reflect.NativeMethodAccessorImpl.invoke0(Native Method)
	at sun.reflect.NativeMethodAccessorImpl.invoke(NativeMethodAccessorImpl.java:62)
	at sun.reflect.DelegatingMethodAccessorImpl.invoke(DelegatingMethodAccessorImpl.java:43)
	at java.lang.reflect.Method.invoke(Method.java:498)
	at org.testng.internal.MethodInvocationHelper.invokeMethod(MethodInvocationHelper.java:85)
	at org.testng.internal.Invoker.invokeConfigurationMethod(Invoker.java:510)
	at org.testng.internal.Invoker.invokeConfigurations(Invoker.java:211)
	at org.testng.internal.Invoker.invokeMethod(Invoker.java:585)
	at org.testng.internal.Invoker.invokeTestMethod(Invoker.java:816)
	at org.testng.internal.Invoker.invokeTestMethods(Invoker.java:1124)
	at org.testng.internal.TestMethodWorker.invokeTestMethods(TestMethodWorker.java:125)
	at org.testng.internal.TestMethodWorker.run(TestMethodWorker.java:108)
	at org.testng.TestRunner.privateRun(TestRunner.java:774)
	at org.testng.TestRunner.run(TestRunner.java:624)
	at org.testng.SuiteRunner.runTest(SuiteRunner.java:359)
	at org.testng.SuiteRunner.runSequentially(SuiteRunner.java:354)
	at org.testng.SuiteRunner.privateRun(SuiteRunner.java:312)
	at org.testng.SuiteRunner.run(SuiteRunner.java:261)
	at org.testng.SuiteRunnerWorker.runSuite(SuiteRunnerWorker.java:52)
	at org.testng.SuiteRunnerWorker.run(SuiteRunnerWorker.java:86)
	at org.testng.TestNG.runSuitesSequentially(TestNG.java:1215)
	at org.testng.TestNG.runSuitesLocally(TestNG.java:1140)
	at org.testng.TestNG.run(TestNG.java:1048)
	at com.ui.automation.runner.TestNGRunner.main(TestNGRunner.java:58)
	at sun.reflect.NativeMethodAccessorImpl.invoke0(Native Method)
	at sun.reflect.NativeMethodAccessorImpl.invoke(NativeMethodAccessorImpl.java:62)
	at sun.reflect.DelegatingMethodAccessorImpl.invoke(DelegatingMethodAccessorImpl.java:43)
	at java.lang.reflect.Method.invoke(Method.java:498)
	at org.codehaus.mojo.exec.ExecJavaMojo$1.run(ExecJavaMojo.java:294)
	at java.lang.Thread.run(Thread.java:748)
]]>
            </full-stacktrace>
          </exception> <!-- java.lang.NullPointerException -->
          <reporter-output>
            <line>
              <![CDATA[launching the portal homepage]]>
            </line>
            <line>
              <![CDATA[Opening browser: CHROME]]>
            </line>
          </reporter-output>
        </test-method> <!-- Lunchsite -->
        <test-method status="SKIP" signature="placeNewlyArrived(java.lang.String, java.lang.String, java.lang.String)[pri:0, instance:com.ui.automation.testscript.TestHotSauces@5c6d98b8]" name="placeNewlyArrived" duration-ms="0" started-at="2020-04-27T21:24:32Z" data-provider="testdata" finished-at="2020-04-27T21:24:32Z">
          <params>
            <param index="0">
              <value>
                <![CDATA[venkatklu1993@gmail.com]]>
              </value>
            </param>
            <param index="1">
              <value>
                <![CDATA[Venkat@123]]>
              </value>
            </param>
            <param index="2">
              <value>
                <![CDATA[English (UK)]]>
              </value>
            </param>
          </params>
          <reporter-output>
          </reporter-output>
        </test-method> <!-- placeNewlyArrived -->
      </class> <!-- com.ui.automation.testscript.TestHotSauces -->
    </test> <!-- SampleTest -->
  </suite> <!-- Falcon-Sample-WIN_10_CHROME_77 -->
</testng-results>
