<?xml version="1.0" encoding="UTF-8"?>
<!-- Generated by org.testng.reporters.JUnitXMLReporter -->
<testsuite hostname="ATMECSINLT-429" name="SampleTest" tests="1" failures="1" timestamp="30 Mar 2020 06:17:06 GMT" time="215.566" errors="0">
  <testcase name="LogintoGmail" time="128.729" classname="com.ui.automation.testscript.TestRegisterMember">
    <failure type="java.lang.IllegalArgumentException" message="Cannot find elements when the XPath expression is null.">
      <![CDATA[java.lang.IllegalArgumentException: Cannot find elements when the XPath expression is null.
	at org.openqa.selenium.By.xpath(By.java:113)
	at com.ui.automation.testscript.TestRegisterMember.LogintoGmail(TestRegisterMember.java:106)
	at com.ui.automation.runner.TestNGRunner.main(TestNGRunner.java:58)
	at org.codehaus.mojo.exec.ExecJavaMojo$1.run(ExecJavaMojo.java:294)
	at java.lang.Thread.run(Thread.java:748)
... Removed 25 stack frames]]>
    </failure>
  </testcase> <!-- LogintoGmail -->
</testsuite> <!-- SampleTest -->
