<?xml version="1.0" encoding="UTF-8"?>
<!-- Generated by org.testng.reporters.JUnitXMLReporter -->
<testsuite hostname="ATMECSINLT-429" name="SampleTest" tests="2" failures="0" timestamp="26 Mar 2020 13:38:13 GMT" time="1.345" errors="0">
  <testcase name="AddTopstotheCart" time="0.0" classname="com.ui.automation.testscript.TestRegisterMember">
    <skipped/>
  </testcase> <!-- AddTopstotheCart -->
  <testcase name="LogintoGmail" time="0.0" classname="com.ui.automation.testscript.TestRegisterMember">
    <skipped/>
  </testcase> <!-- LogintoGmail -->
</testsuite> <!-- SampleTest -->
